// 重构日志: dd29dc93
// 重构日志: 55843b9e
// 重构日志: dab0afe3
// 重构日志: 668e46ab
// 重构日志: 0f93bafe
// 重构日志: de568b88
// 重构日志: b37f90b7
// 重构日志: dd14d725
// 同步 ID: de073433 @ Thu Jul 16 10:07:59 UTC 2026
// 同步 ID: a79845ca @ Thu Jul 16 14:30:10 UTC 2026
// 同步 ID: 42019021 @ Fri Jul 17 03:42:03 UTC 2026
// 重构日志: f9c2d087
// 重构日志: ddaa1fd5
// 重构日志: 7da0bfe0
// 同步 ID: 57f14714 @ Sat Jul 18 14:40:22 UTC 2026
// 重构日志: 5024906e
// 重构日志: 21ee7586
// 同步 ID: 73fa1335 @ Sun Jul 19 13:59:36 UTC 2026
// 重构日志: ce624374
// 重构日志: a5742487
// 同步 ID: 85e71232 @ Mon Jul 20 13:23:44 UTC 2026
// 同步 ID: c8636556 @ Mon Jul 20 16:17:40 UTC 2026
// 同步 ID: 199e5c3e @ Mon Jul 20 23:50:53 UTC 2026
// 同步 ID: 290ca2d7 @ Tue Jul 21 04:37:06 UTC 2026
// 同步 ID: 7f1903b7 @ Tue Jul 21 07:25:47 UTC 2026
// 同步 ID: c0c51b09 @ Tue Jul 21 09:55:29 UTC 2026
// 同步 ID: dd723a69 @ Wed Jul 22 10:24:32 UTC 2026
// 同步 ID: 6718bc7a @ Wed Jul 22 12:32:31 UTC 2026
// 重构日志: 307cddad
// 同步 ID: efee9697 @ Thu Jul 23 12:23:53 UTC 2026
